<?xml version="1.0" encoding="UTF-8"?>
<!-- Generated by org.testng.reporters.JUnitXMLReporter -->
<testsuite hostname="Rashmis-MacBook-Pro.local" ignored="0" name="Default test" tests="3" failures="0" timestamp="2022-11-28T02:45:28 CST" time="4.673" errors="0">
  <testcase name="TC1" time="4.327" classname="test.TechFiosPageTest"/>
  <testcase name="TC2" time="0.002" classname="test.TechFiosPageTest"/>
  <testcase name="TC3" time="0.307" classname="test.TechFiosPageTest"/>
</testsuite> <!-- Default test -->
